// ES6 Class Style
undefined
class A{
    
}
undefined
typeof A;
'function'
class Person{
    constructor(id, name, city){
        this.id = id;
}
}
VM177:3 Uncaught SyntaxError: Unexpected token ':'
class Person{
    constructor(id, name, city){
        this.id = id;
        this.name = name;
        this.city = city;
}
    printPersonDetails(){
        console.log(`Id ${this.id} Name ${this.name} City ${this.city}`);
    }
}
class Employee extends Person{
    constructor(id, name , city, salary, bonus, dept){
        super(id, name, city);
        this.salary = salary;
        this.bonus = bonus;
        this.dept = dept;
    }
    printEmployeeDetails(){
        super.printPersonDetails();
        console.log(`Salary ${this.salary} Bonus ${this.bonus}  Dept ${this.dept}`);
    }
}
undefined
typeof Person;
'function'
typeof Employee;
'function'
Person.prototype
{constructor: ƒ, printPersonDetails: ƒ}
Employee.prototype;
Person {constructor: ƒ, printEmployeeDetails: ƒ}
Employee.prototype.__proto__ == Person.prototype;
true
var amit =new Employee(1001, 'amit','delhi',222222,2222,'IT');
undefined
amit;
Employee {id: 1001, name: 'amit', city: 'delhi', salary: 222222, bonus: 2222, …}
amit.printEmployeeDetails();
VM677:8 Id 1001 Name amit City delhi
VM677:20 Salary 222222 Bonus 2222  Dept IT
undefined
class Q{
    static show(){
        console.log("Q Show ");
    }
}
undefined
Q.show();
VM983:3 Q Show 
undefined
typeof Q;
'function'
function T(){
    console.log("T ");
}
undefined
T.show= function(){
    console.log("SHow ");
}
ƒ (){
    console.log("SHow ");
}
T.show();
VM1189:2 SHow 
undefined
var w = new Object();
undefined
w;
{}
var f = new Function();
undefined
f;
ƒ anonymous(
) {

}
typeof f;
'function'
typeof w;
'object'
VM63:14 Uncaught SyntaxError: Unexpected identifier 'Uncaught'
// Type of Object Binding
undefined
function whoAmI(){
    console.log('I am ', this);
}
undefined
typeof whoAmI;
'function'
whoAmI(); // window bind
VM152:2 I am  Window {window: Window, self: Window, document: document, name: '', location: Location, …}
undefined
window.whoAmI();
VM152:2 I am  Window {window: Window, self: Window, document: document, name: '', location: Location, …}
undefined
var obj = {
    name:'Amit', 
    city:'Delhi'
}
undefined
var obj = {
    name:'Amit', 
    city:'Delhi',
    show(){
        console.log('I am ', this);
    }
}
undefined
obj.show();
VM458:5 I am  {name: 'Amit', city: 'Delhi', show: ƒ}
undefined
whoAmI;
ƒ whoAmI(){
    console.log('I am ', this);
}
whoAmI();
VM152:2 I am  Window {window: Window, self: Window, document: document, name: '', location: Location, …}
undefined
var w = new whoAmI();
VM152:2 I am  whoAmI {}
undefined
var x = {
    name:'Tim'}
undefined
var y = {
    name:'Kim';
}
VM659:2 Uncaught SyntaxError: Unexpected token ';'
var y = {
    name:'Kim'
}
undefined
x;
{name: 'Tim'}
y;
{name: 'Kim'}
whoAmI.call(x);
VM152:2 I am  {name: 'Tim'}
undefined
whoAmI();
VM152:2 I am  Window {window: Window, self: Window, document: document, name: '', location: Location, …}
undefined
whoAmI.call(x);
VM152:2 I am  {name: 'Tim'}
undefined
window.whoAmI();
VM152:2 I am  Window {window: Window, self: Window, document: document, name: '', location: Location, …}
undefined
window.whoAmI.call(x);
VM152:2 I am  {name: 'Tim'}
undefined
window.whoAmI.call(y);
VM152:2 I am  {name: 'Kim'}
undefined
function whoAmI(a,b,c){
    console.log('I am ', this, a, b, c);
}
undefined
window.whoAmI.call(x,10,20,30);
VM918:2 I am  {name: 'Tim'} 10 20 30
undefined
window.whoAmI.call(y,100,200,300);
VM918:2 I am  {name: 'Kim'} 100 200 300
undefined
window.whoAmI.apply(x,[100,200,300]);
VM918:2 I am  {name: 'Tim'} 100 200 300
undefined
window.whoAmI.apply(y,[100,200,300]);
VM918:2 I am  {name: 'Kim'} 100 200 300
undefined
var g = whoAmI.bind(y);
undefined
typeof g;
'function'
g;
ƒ whoAmI(a,b,c){
    console.log('I am ', this, a, b, c);
}
g(10,20,30);
VM918:2 I am  {name: 'Kim'} 10 20 30
undefined
g(10,20,30);
VM918:2 I am  {name: 'Kim'} 10 20 30
undefined
g(10,20,30);
VM918:2 I am  {name: 'Kim'} 10 20 30
undefined
g(10,20,30);
VM918:2 I am  {name: 'Kim'} 10 20 30
undefined
var g2 = whoAmI.bind(x);
undefined
g2;
ƒ whoAmI(a,b,c){
    console.log('I am ', this, a, b, c);
}
g2(1000,2000,3000);
VM918:2 I am  {name: 'Tim'} 1000 2000 3000
undefined
g2(1000,2000,3000);
VM918:2 I am  {name: 'Tim'} 1000 2000 3000
undefined
whoAmI
ƒ whoAmI(a,b,c){
    console.log('I am ', this, a, b, c);
}
console.dir(whoAmI);
VM1330:1 ƒ whoAmI(a,b,c)arguments: nullcaller: nulllength: 3name: "whoAmI"prototype: {constructor: ƒ}[[FunctionLocation]]: VM918:1[[Prototype]]: ƒ ()apply: ƒ apply()arguments: (...)bind: ƒ bind()call: ƒ call()caller: (...)constructor: ƒ Function()length: 0name: ""toString: ƒ toString()Symbol(Symbol.hasInstance): ƒ [Symbol.hasInstance]()get arguments: ƒ ()set arguments: ƒ ()get caller: ƒ ()set caller: ƒ ()[[FunctionLocation]]: [[Prototype]]: Object[[Scopes]]: Scopes[0][[Scopes]]: Scopes[1]
undefined
whoAmI.__proto__ == Function.prototype;
true
Function.prototype;
ƒ () { [native code] }
console.dir(Function.prototype);
VM1508:1 ƒ anonymous()apply: ƒ apply()arguments: (...)bind: ƒ bind()call: ƒ call()caller: (...)constructor: ƒ Function()length: 0name: ""toString: ƒ toString()Symbol(Symbol.hasInstance): ƒ [Symbol.hasInstance]()get arguments: ƒ ()set arguments: ƒ ()get caller: ƒ ()set caller: ƒ ()[[FunctionLocation]]: [[Prototype]]: Object[[Scopes]]: Scopes[0]
undefined

VM66:10 Uncaught SyntaxError: Unexpected identifier 'I'
// In which case we need Binding of Explicit this Binding
undefined
// IN which case we need Explicit this Binding ?
undefined
const images = document.getElementsByTagName('img');
undefined
images;
HTMLCollection(240) [img, img, img, img, img, img, img, img, img, img, img._fluid-quad-image-label-v2_style_fluidLandscapeImage__2euAK._fluid-quad-image-label-v2_style_fl…, img._fluid-quad-image-label-v2_style_fluidLandscapeImage__2euAK._fluid-quad-image-label-v2_style_fl…, img._fluid-quad-image-label-v2_style_fluidLandscapeImage__2euAK._fluid-quad-image-label-v2_style_fl…, img._fluid-quad-image-label-v2_style_fluidLandscapeImage__2euAK._fluid-quad-image-label-v2_style_fl…, img._fluid-quad-image-label-v2_style_fluidLandscapeImage__2euAK._fluid-quad-image-label-v2_style_fl…, img._fluid-quad-image-label-v2_style_fluidLandscapeImage__2euAK._fluid-quad-image-label-v2_style_fl…, img._fluid-quad-image-label-v2_style_fluidLandscapeImage__2euAK._fluid-quad-image-label-v2_style_fl…, img._fluid-quad-image-label-v2_style_fluidLandscapeImage__2euAK._fluid-quad-image-label-v2_style_fl…, img._fluid-quad-image-label-v2_style_fluidLandscapeImage__2euAK._fluid-quad-image-label-v2_style_fl…, img._fluid-quad-image-label-v2_style_fluidLandscapeImage__2euAK._fluid-quad-image-label-v2_style_fl…, img._fluid-quad-image-label-v2_style_fluidLandscapeImage__2euAK._fluid-quad-image-label-v2_style_fl…, img._fluid-quad-image-label-v2_style_fluidLandscapeImage__2euAK._fluid-quad-image-label-v2_style_fl…, img._fluid-quad-image-label-v2_style_fluidLandscapeImage__2euAK._fluid-quad-image-label-v2_style_fl…, img._fluid-quad-image-label-v2_style_fluidLandscapeImage__2euAK._fluid-quad-image-label-v2_style_fl…, img._fluid-quad-image-label-v2_style_fluidLandscapeImage__2euAK._fluid-quad-image-label-v2_style_fl…, img._fluid-quad-image-label-v2_style_fluidLandscapeImage__2euAK._fluid-quad-image-label-v2_style_fl…, img._fluid-quad-image-label-v2_style_fluidLandscapeImage__2euAK._fluid-quad-image-label-v2_style_fl…, img._fluid-quad-image-label-v2_style_fluidLandscapeImage__2euAK._fluid-quad-image-label-v2_style_fl…, img._fluid-quad-image-label-v2_style_fluidLandscapeImage__2euAK._fluid-quad-image-label-v2_style_fl…, img._fluid-quad-image-label-v2_style_fluidLandscapeImage__2euAK._fluid-quad-image-label-v2_style_fl…, img._fluid-quad-image-label-v2_style_fluidLandscapeImage__2euAK._fluid-quad-image-label-v2_style_fl…, img._fluid-quad-image-label-v2_style_fluidLandscapeImage__2euAK._fluid-quad-image-label-v2_style_fl…, img._fluid-quad-image-label-v2_style_fluidLandscapeImage__2euAK._fluid-quad-image-label-v2_style_fl…, img._fluid-quad-image-label-v2_style_fluidLandscapeImage__2euAK._fluid-quad-image-label-v2_style_fl…, img._fluid-quad-image-label-v2_style_fluidLandscapeImage__2euAK._fluid-quad-image-label-v2_style_fl…, img._fluid-quad-image-label-v2_style_fluidLandscapeImage__2euAK._fluid-quad-image-label-v2_style_fl…, img._fluid-quad-image-label-v2_style_fluidLandscapeImage__2euAK._fluid-quad-image-label-v2_style_fl…, img._fluid-quad-image-label-v2_style_fluidLandscapeImage__2euAK._fluid-quad-image-label-v2_style_fl…, img._fluid-quad-image-label-v2_style_fluidLandscapeImage__2euAK._fluid-quad-image-label-v2_style_fl…, img._fluid-quad-image-label-v2_style_fluidLandscapeImage__2euAK._fluid-quad-image-label-v2_style_fl…, img._fluid-quad-image-label-v2_style_fluidLandscapeImage__2euAK._fluid-quad-image-label-v2_style_fl…, img._fluid-quad-image-label-v2_style_fluidLandscapeImage__2euAK._fluid-quad-image-label-v2_style_fl…, img._fluid-quad-image-label-v2_style_fluidLandscapeImage__2euAK._fluid-quad-image-label-v2_style_fl…, img._fluid-quad-image-label-v2_style_fluidLandscapeImage__2euAK._fluid-quad-image-label-v2_style_fl…, img._fluid-quad-image-label-v2_style_fluidLandscapeImage__2euAK._fluid-quad-image-label-v2_style_fl…, img._fluid-quad-image-label-v2_style_fluidLandscapeImage__2euAK._fluid-quad-image-label-v2_style_fl…, img._deals-shoveler-v2_style_dealImage__3nlqg, img._deals-shoveler-v2_style_dealImage__3nlqg, img._deals-shoveler-v2_style_dealImage__3nlqg, img._deals-shoveler-v2_style_dealImage__3nlqg, img._deals-shoveler-v2_style_dealImage__3nlqg, img._deals-shoveler-v2_style_dealImage__3nlqg, img._deals-shoveler-v2_style_dealImage__3nlqg, img._deals-shoveler-v2_style_dealImage__3nlqg, img._deals-shoveler-v2_style_dealImage__3nlqg, img._deals-shoveler-v2_style_dealImage__3nlqg, img._deals-shoveler-v2_style_dealImage__3nlqg, img._deals-shoveler-v2_style_dealImage__3nlqg, img._deals-shoveler-v2_style_dealImage__3nlqg, img._deals-shoveler-v2_style_dealImage__3nlqg, img._deals-shoveler-v2_style_dealImage__3nlqg, img._deals-shoveler-v2_style_dealImage__3nlqg, img._deals-shoveler-v2_style_dealImage__3nlqg, img._deals-shoveler-v2_style_dealImage__3nlqg, img.product-image, img.product-image, img.product-image, img.product-image, img.product-image, img.product-image, img.product-image, img.product-image, img.product-image, img.product-image, img.product-image, img.product-image, img.product-image, img.product-image, img.product-image, img.product-image, img.product-image, img.product-image, img.product-image, img.product-image, img.product-image, img.product-image, img.product-image, img.product-image, img.product-image, img.product-image, img.product-image, img.product-image, img.product-image, img.product-image, img.product-image, img.product-image, img.product-image, img.product-image, img.product-image, img.product-image, …]
images.forEach;
undefined
typeof images;
'object'
images instanceof Array;
false
images instanceof HTMLCollection;
true
var arr = [10,20,30];
undefined
arr instanceof Array;
true
arr.forEach(e=>console.log(e));
VM186:6 Uncaught SyntaxError: Invalid or unexpected token
images.forEach;
undefined
VM190:1 Uncaught ReferenceError: images is not defined
    at <anonymous>:1:1
(anonymous) @ VM190:1
const t = document.querySelectorAll('img');
VM1697:1 Uncaught SyntaxError: Identifier 't' has already been declared
const t2 = document.querySelectorAll('img');
undefined
t2;
NodeList(239) [img, img, img, img, img, img, img, img, img, img, img._fluid-quad-image-label-v2_style_fluidLandscapeImage__2euAK._fluid-quad-image-label-v2_style_fl…, img._fluid-quad-image-label-v2_style_fluidLandscapeImage__2euAK._fluid-quad-image-label-v2_style_fl…, img._fluid-quad-image-label-v2_style_fluidLandscapeImage__2euAK._fluid-quad-image-label-v2_style_fl…, img._fluid-quad-image-label-v2_style_fluidLandscapeImage__2euAK._fluid-quad-image-label-v2_style_fl…, img._fluid-quad-image-label-v2_style_fluidLandscapeImage__2euAK._fluid-quad-image-label-v2_style_fl…, img._fluid-quad-image-label-v2_style_fluidLandscapeImage__2euAK._fluid-quad-image-label-v2_style_fl…, img._fluid-quad-image-label-v2_style_fluidLandscapeImage__2euAK._fluid-quad-image-label-v2_style_fl…, img._fluid-quad-image-label-v2_style_fluidLandscapeImage__2euAK._fluid-quad-image-label-v2_style_fl…, img._fluid-quad-image-label-v2_style_fluidLandscapeImage__2euAK._fluid-quad-image-label-v2_style_fl…, img._fluid-quad-image-label-v2_style_fluidLandscapeImage__2euAK._fluid-quad-image-label-v2_style_fl…, img._fluid-quad-image-label-v2_style_fluidLandscapeImage__2euAK._fluid-quad-image-label-v2_style_fl…, img._fluid-quad-image-label-v2_style_fluidLandscapeImage__2euAK._fluid-quad-image-label-v2_style_fl…, img._fluid-quad-image-label-v2_style_fluidLandscapeImage__2euAK._fluid-quad-image-label-v2_style_fl…, img._fluid-quad-image-label-v2_style_fluidLandscapeImage__2euAK._fluid-quad-image-label-v2_style_fl…, img._fluid-quad-image-label-v2_style_fluidLandscapeImage__2euAK._fluid-quad-image-label-v2_style_fl…, img._fluid-quad-image-label-v2_style_fluidLandscapeImage__2euAK._fluid-quad-image-label-v2_style_fl…, img._fluid-quad-image-label-v2_style_fluidLandscapeImage__2euAK._fluid-quad-image-label-v2_style_fl…, img._fluid-quad-image-label-v2_style_fluidLandscapeImage__2euAK._fluid-quad-image-label-v2_style_fl…, img._fluid-quad-image-label-v2_style_fluidLandscapeImage__2euAK._fluid-quad-image-label-v2_style_fl…, img._fluid-quad-image-label-v2_style_fluidLandscapeImage__2euAK._fluid-quad-image-label-v2_style_fl…, img._fluid-quad-image-label-v2_style_fluidLandscapeImage__2euAK._fluid-quad-image-label-v2_style_fl…, img._fluid-quad-image-label-v2_style_fluidLandscapeImage__2euAK._fluid-quad-image-label-v2_style_fl…, img._fluid-quad-image-label-v2_style_fluidLandscapeImage__2euAK._fluid-quad-image-label-v2_style_fl…, img._fluid-quad-image-label-v2_style_fluidLandscapeImage__2euAK._fluid-quad-image-label-v2_style_fl…, img._fluid-quad-image-label-v2_style_fluidLandscapeImage__2euAK._fluid-quad-image-label-v2_style_fl…, img._fluid-quad-image-label-v2_style_fluidLandscapeImage__2euAK._fluid-quad-image-label-v2_style_fl…, img._fluid-quad-image-label-v2_style_fluidLandscapeImage__2euAK._fluid-quad-image-label-v2_style_fl…, img._fluid-quad-image-label-v2_style_fluidLandscapeImage__2euAK._fluid-quad-image-label-v2_style_fl…, img._fluid-quad-image-label-v2_style_fluidLandscapeImage__2euAK._fluid-quad-image-label-v2_style_fl…, img._fluid-quad-image-label-v2_style_fluidLandscapeImage__2euAK._fluid-quad-image-label-v2_style_fl…, img._fluid-quad-image-label-v2_style_fluidLandscapeImage__2euAK._fluid-quad-image-label-v2_style_fl…, img._fluid-quad-image-label-v2_style_fluidLandscapeImage__2euAK._fluid-quad-image-label-v2_style_fl…, img._fluid-quad-image-label-v2_style_fluidLandscapeImage__2euAK._fluid-quad-image-label-v2_style_fl…, img._fluid-quad-image-label-v2_style_fluidLandscapeImage__2euAK._fluid-quad-image-label-v2_style_fl…, img._fluid-quad-image-label-v2_style_fluidLandscapeImage__2euAK._fluid-quad-image-label-v2_style_fl…, img._fluid-quad-image-label-v2_style_fluidLandscapeImage__2euAK._fluid-quad-image-label-v2_style_fl…, img._deals-shoveler-v2_style_dealImage__3nlqg, img._deals-shoveler-v2_style_dealImage__3nlqg, img._deals-shoveler-v2_style_dealImage__3nlqg, img._deals-shoveler-v2_style_dealImage__3nlqg, img._deals-shoveler-v2_style_dealImage__3nlqg, img._deals-shoveler-v2_style_dealImage__3nlqg, img._deals-shoveler-v2_style_dealImage__3nlqg, img._deals-shoveler-v2_style_dealImage__3nlqg, img._deals-shoveler-v2_style_dealImage__3nlqg, img._deals-shoveler-v2_style_dealImage__3nlqg, img._deals-shoveler-v2_style_dealImage__3nlqg, img._deals-shoveler-v2_style_dealImage__3nlqg, img._deals-shoveler-v2_style_dealImage__3nlqg, img._deals-shoveler-v2_style_dealImage__3nlqg, img._deals-shoveler-v2_style_dealImage__3nlqg, img._deals-shoveler-v2_style_dealImage__3nlqg, img._deals-shoveler-v2_style_dealImage__3nlqg, img._deals-shoveler-v2_style_dealImage__3nlqg, img.product-image, img.product-image, img.product-image, img.product-image, img.product-image, img.product-image, img.product-image, img.product-image, img.product-image, img.product-image, img.product-image, img.product-image, img.product-image, img.product-image, img.product-image, img.product-image, img.product-image, img.product-image, img.product-image, img.product-image, img.product-image, img.product-image, img.product-image, img.product-image, img.product-image, img.product-image, img.product-image, img.product-image, img.product-image, img.product-image, img.product-image, img.product-image, img.product-image, img.product-image, img.product-image, img.product-image, …]
t2 instanceof Array;
false
t2 instanceof HTMLCollection;
false
t2 instanceof NodeList;
true
t2.forEach(e=>console.log(e));
 
 
 
 
VM193:2 Uncaught SyntaxError: Unexpected identifier 'Uncaught'
