//IQ -> Internal Relationship of funnction and Object

undefined
//Function constructor
function Customer(id,name,balance){
    console.log('this is',this);
    this.id = id;
    this.name = name;
    this.balance = balance;
}
var tim = new Customer(1000,'tim' , 234324);
//Explicit Binding of an Object
VM394:3 this is Customer {}
undefined
tim
Customer {id: 1000, name: 'tim', balance: 234324}
Customer(111,'wwwww',32342134);
VM394:3 this is Window {window: Window, self: Window, document: document, name: '', location: Location, …}
undefined
Customer(111,'wwwww',32342134);//Window.Customer(111,'wwwww,3123131)
VM394:3 this is Window {window: Window, self: Window, document: document, name: 'wwwww', location: Location, …}
undefined
window.id;
111
window.name;
'wwwww'
window.balance
32342134
Customer.prototype
{constructor: ƒ}
Customer.call
ƒ call() { [native code] }
// function Customer(){ at address (22)reference-> it have property called Prototype and this property is an Object 
// object{ key:value -> key is of Consutructor of:22 address it is a 2way relationship with function and it has a __proto__}this __proto__is also linking with the another Object like}

// > function Object() of ref_address:88{ prototype{key:value of constructor address: 88 for the 2 ways connections __proto__: null}}

// Note:- Every Object have __proto__ by which it linked with other Object  #Highlight

    
undefined
function show(){
    console.log('this is' , this);
}
undefined
show();
VM1020:2 this is Window {window: Window, self: Window, document: document, name: 'wwwww', location: Location, …}
undefined
new show();
VM1020:2 this is show {}
show {}
show.prototype;
{constructor: ƒ}
show.prototype.constructor;
ƒ show(){
    console.log('this is' , this);
}
show.prototype.constructor === show;
true
show.prototype.__proto__ === Object.prototype;
true
show.prototype.__proto__.constructor;
ƒ Object() { [native code] }
show.prototype.__proto__.constructor === Object;
true
// Note -> Object is of another function
undefined
show.p__proto__();
VM1236:1 Uncaught TypeError: show.p__proto__ is not a function
    at <anonymous>:1:6
(anonymous) @ VM1236:1
show.__proto__();
undefined
console.dir(show.__proto__);
VM1290:1 ƒ anonymous()apply: ƒ apply()arguments: (...)bind: ƒ bind()call: ƒ call()caller: (...)constructor: ƒ Function()length: 0name: ""toString: ƒ toString()Symbol(Symbol.hasInstance): ƒ [Symbol.hasInstance]()get arguments: ƒ ()set arguments: ƒ ()get caller: ƒ ()set caller: ƒ ()[[FunctionLocation]]: [[Prototype]]: Objectconstructor: ƒ Object()hasOwnProperty: ƒ hasOwnProperty()isPrototypeOf: ƒ isPrototypeOf()propertyIsEnumerable: ƒ propertyIsEnumerable()toLocaleString: ƒ toLocaleString()toString: ƒ toString()valueOf: ƒ valueOf()__defineGetter__: ƒ __defineGetter__()__defineSetter__: ƒ __defineSetter__()__lookupGetter__: ƒ __lookupGetter__()__lookupSetter__: ƒ __lookupSetter__()__proto__: (...)get __proto__: ƒ __proto__()set __proto__: ƒ __proto__()[[Scopes]]: Scopes[0]
undefined
// prototype -> ABS - Relation Apply Bind Call
undefined
show.__proto__;
ƒ () { [native code] }
show.prototype.__proto__;
{constructor: ƒ, __defineGetter__: ƒ, __defineSetter__: ƒ, hasOwnProperty: ƒ, __lookupGetter__: ƒ, …}
show.prototype.__proto__.__proto__
null
show.__proto__;
ƒ () { [native code] }
show.__proto__;
ƒ () { [native code] }
console.dir(show.__proto__);
VM1447:1 ƒ anonymous()apply: ƒ apply()arguments: (...)bind: ƒ bind()call: ƒ call()caller: (...)constructor: ƒ Function()length: 0name: ""toString: ƒ toString()Symbol(Symbol.hasInstance): ƒ [Symbol.hasInstance]()get arguments: ƒ ()set arguments: ƒ ()get caller: ƒ ()set caller: ƒ ()[[FunctionLocation]]: [[Prototype]]: Objectconstructor: ƒ Object()hasOwnProperty: ƒ hasOwnProperty()isPrototypeOf: ƒ isPrototypeOf()propertyIsEnumerable: ƒ propertyIsEnumerable()toLocaleString: ƒ toLocaleString()toString: ƒ toString()valueOf: ƒ valueOf()__defineGetter__: ƒ __defineGetter__()__defineSetter__: ƒ __defineSetter__()__lookupGetter__: ƒ __lookupGetter__()__lookupSetter__: ƒ __lookupSetter__()__proto__: (...)get __proto__: ƒ __proto__()set __proto__: ƒ __proto__()[[Scopes]]: Scopes[0]
undefined
Object;
ƒ Object() { [native code] }
Object.__proto__;
ƒ () { [native code] }
Object.prototype.__proto__;
null
