var obj={};
undefined
obj.fname ="rohit";
'rohit'
obj.age = 22;
22
obj.salary = 900000;
900000
obj;
{fname: 'rohit', age: 22, salary: 900000}
var obj2 = obj;
undefined
obj2;
{fname: 'rohit', age: 22, salary: 900000}
obj==obj2;
true
var obj3 = {...obj2};
undefined
obj3==obj2;
false
obj2===obj
true
typeof(Object)
'function'
typeof(obj)
'object'
obj instanceof Object;
true
var e = new Object();
undefined
e.first="rohit;
VM706:1 Uncaught SyntaxError: Invalid or unexpected token
e.first="rohit";
'rohit'
e
{first: 'rohit'}
var ar = [1,2,3,4,5];
undefined
var ar1 = [9,10,11,23];
undefined
var ar2 = [ ar, ar1];
undefined
ar2[0][0];
1
var ar3 = [...ar,...ar1];
undefined
ar3;
(9) [1, 2, 3, 4, 5, 9, 10, 11, 23]
var ob = {id : 90, name: "rohit", age:20};
undefined
var ob1 = {id : 3, rollno: 30};
undefined
var obj3 = {ob , ob1};
undefined
obj3.ob.id;
90
ob3.ob1.rollono;
VM1421:1 Uncaught ReferenceError: ob3 is not defined
    at <anonymous>:1:1
(anonymous) @ VM1421:1
ob3.ob1.rollno;
VM1425:1 Uncaught ReferenceError: ob3 is not defined
    at <anonymous>:1:1
(anonymous) @ VM1425:1
obj3.ob1.rollno;
30
obj3;
{ob: {…}, ob1: {…}}ob: {id: 90, name: 'rohit', age: 20}ob1: {id: 3, rollno: 30}[[Prototype]]: Object
var obj4 = {...ob , ...ob1};
undefined
obj4;
{id: 3, name: 'rohit', age: 20, rollno: 30}
var obj4 = {...ob , ...ob1}; // Spread Operator used to create duplicate 
undefined
ob;
{id: 90, name: 'rohit', age: 20}
ob1;
{id: 3, rollno: 30}
ob3;
VM1717:1 Uncaught ReferenceError: ob3 is not defined
    at <anonymous>:1:1
(anonymous) @ VM1717:1
obj3;
{ob: {…}, ob1: {…}}ob: {id: 90, name: 'rohit', age: 20}ob1: {id: 3, rollno: 30}[[Prototype]]: Object
obj3[0][0];
VM1778:1 Uncaught TypeError: Cannot read properties of undefined (reading '0')
    at <anonymous>:1:8
(anonymous) @ VM1778:1
obj3.ob.id;
90
obj3.ob.id = 20;
20
obj3.ob.id;
20
ob;
{id: 20, name: 'rohit', age: 20}
obj3;
{ob: {…}, ob1: {…}}ob: {id: 20, name: 'rohit', age: 20}ob1: {id: 3, rollno: 30}[[Prototype]]: Object
obj4;
{id: 3, name: 'rohit', age: 20, rollno: 30}
obj4.id;
3
obj4.id =90;
90
obj4;
{id: 90, name: 'rohit', age: 20, rollno: 30}
ob;
{id: 20, name: 'rohit', age: 20}
