var arr = [1,2,3,4,65,6,7,88];
undefined
arr.forEach((e=>console.log(e));
VM135:1 Uncaught SyntaxError: missing ) after argument list
arr.forEach(e=>console.log(e));
VM147:1 1
VM147:1 2
VM147:1 3
VM147:1 4
VM147:1 65
VM147:1 6
VM147:1 7
VM147:1 88
undefined
//Deletion Ways in array
undefined
var arr = [10,20,30,40,50];
undefined
arr.pop();
50
arr;
(4) [10, 20, 30, 40]
arr.shift();
10
arr;
(3) [20, 30, 40]
arr.splice(1,1);
[30]
arr;
(2) [20, 40]
arr.length =0;
0
ar;
VM367:1 Uncaught ReferenceError: ar is not defined
    at <anonymous>:1:1
(anonymous) @ VM367:1
arr;
[]
var arr = [2,3,4,5,2,1,12,43,21];
undefined
arr.length=4;
4
arr;
(4) [2, 3, 4, 5]
var arr = [10,20,30,40,50,90];
undefined
arr.filter(e=>e>30);
(3) [40, 50, 90]
arr.filter(e=>e<30);
(2) [10, 20]
arr;
(6) [10, 20, 30, 40, 50, 90]
arr = arr.filter(e=>e<30);
(2) [10, 20]
arr;
(2) [10, 20]
var arr = [10,20,30,40,50];
undefined
arr.reduce((temp, e)=>{
    if(e<30){
        temp.push(e);
    }
    return temp;
},[]);
(2) [10, 20]
arr;
(5) [10, 20, 30, 40, 50]
arr = arr.reduce((temp, e)=>{
    if(e<30){
        temp.push(e);
    }
    return temp;
},[]);
(2) [10, 20]
arr
(2) [10, 20]
// for loop , for each , for of , for in
undefined
arr;
(2) [10, 20]
arr[0] = 30032;
30032
arr
(2) [30032, 20]
//Creating an Array
undefined
Array.of(12,20,30,40);
(4) [12, 20, 30, 40]0: 121: 202: 303: 40length: 4[[Prototype]]: Array(0)
Array.from(arr);
(2) [30032, 20]
var r= new Array(20);
undefined
r.length;
20
var arr = [10,20,2,3,4,5,89,90];
undefined
var arr2 = new Array(10);
undefined
arr;
(8) [10, 20, 2, 3, 4, 5, 89, 90]
arr2;
(10) [empty × 10]
arr2.lrngth;\
VM1194:1 Uncaught SyntaxError: Invalid or unexpected token
arr2.lrngth;
undefined
var arr3 = new Array(200);
undefined
var g = Array.of(20,30,20,10);
undefined
g;
(4) [20, 30, 20, 10]
arr3;
(200) [empty × 200]
arr3.fill(1,0,arr3.length);
(200) [1, 1, 1, 1, 1, 1, 1, 1, 1, 1, 1, 1, 1, 1, 1, 1, 1, 1, 1, 1, 1, 1, 1, 1, 1, 1, 1, 1, 1, 1, 1, 1, 1, 1, 1, 1, 1, 1, 1, 1, 1, 1, 1, 1, 1, 1, 1, 1, 1, 1, 1, 1, 1, 1, 1, 1, 1, 1, 1, 1, 1, 1, 1, 1, 1, 1, 1, 1, 1, 1, 1, 1, 1, 1, 1, 1, 1, 1, 1, 1, 1, 1, 1, 1, 1, 1, 1, 1, 1, 1, 1, 1, 1, 1, 1, 1, 1, 1, 1, 1, …]
arr3.fill(4,0,arr3.length);
(200) [4, 4, 4, 4, 4, 4, 4, 4, 4, 4, 4, 4, 4, 4, 4, 4, 4, 4, 4, 4, 4, 4, 4, 4, 4, 4, 4, 4, 4, 4, 4, 4, 4, 4, 4, 4, 4, 4, 4, 4, 4, 4, 4, 4, 4, 4, 4, 4, 4, 4, 4, 4, 4, 4, 4, 4, 4, 4, 4, 4, 4, 4, 4, 4, 4, 4, 4, 4, 4, 4, 4, 4, 4, 4, 4, 4, 4, 4, 4, 4, 4, 4, 4, 4, 4, 4, 4, 4, 4, 4, 4, 4, 4, 4, 4, 4, 4, 4, 4, 4, …]
Array.from(arr);
(8) [10, 20, 2, 3, 4, 5, 89, 90]
arr4;
VM1489:1 Uncaught ReferenceError: arr4 is not defined
    at <anonymous>:1:1
(anonymous) @ VM1489:1
vart arr4 = Array.from(arr);
VM1493:1 Uncaught SyntaxError: Unexpected identifier 'arr4'
var arr4 = Array.from(arr);
undefined
arr4===arr;
false
var g = [...arr];
undefined
g;
(8) [10, 20, 2, 3, 4, 5, 89, 90]
g===arr;
false
